d:\study\mylanguage\mvm-2019\mvm-2019\debug\mvm-2019.pch
d:\study\mylanguage\mvm-2019\mvm-2019\debug\vc141.pdb
d:\study\mylanguage\mvm-2019\mvm-2019\debug\vc141.idb
d:\study\mylanguage\mvm-2019\mvm-2019\debug\pch.obj
d:\study\mylanguage\mvm-2019\mvm-2019\debug\semantic.obj
d:\study\mylanguage\mvm-2019\mvm-2019\debug\parameter.obj
d:\study\mylanguage\mvm-2019\mvm-2019\debug\mfst.obj
d:\study\mylanguage\mvm-2019\mvm-2019\debug\log.obj
d:\study\mylanguage\mvm-2019\mvm-2019\debug\lexicalanalizator.obj
d:\study\mylanguage\mvm-2019\mvm-2019\debug\lex.obj
d:\study\mylanguage\mvm-2019\mvm-2019\debug\in.obj
d:\study\mylanguage\mvm-2019\mvm-2019\debug\id.obj
d:\study\mylanguage\mvm-2019\mvm-2019\debug\grb.obj
d:\study\mylanguage\mvm-2019\mvm-2019\debug\generation.obj
d:\study\mylanguage\mvm-2019\mvm-2019\debug\fst.obj
d:\study\mylanguage\mvm-2019\mvm-2019\debug\error.obj
d:\study\mylanguage\mvm-2019\mvm-2019\debug\mvm-2019.obj
d:\study\mylanguage\mvm-2019\debug\mvm-2019.ilk
d:\study\mylanguage\mvm-2019\debug\mvm-2019.exe
d:\study\mylanguage\mvm-2019\debug\mvm-2019.pdb
d:\study\mylanguage\mvm-2019\mvm-2019\debug\mvm-2019.tlog\cl.command.1.tlog
d:\study\mylanguage\mvm-2019\mvm-2019\debug\mvm-2019.tlog\cl.read.1.tlog
d:\study\mylanguage\mvm-2019\mvm-2019\debug\mvm-2019.tlog\cl.write.1.tlog
d:\study\mylanguage\mvm-2019\mvm-2019\debug\mvm-2019.tlog\link.command.1.tlog
d:\study\mylanguage\mvm-2019\mvm-2019\debug\mvm-2019.tlog\link.read.1.tlog
d:\study\mylanguage\mvm-2019\mvm-2019\debug\mvm-2019.tlog\link.write.1.tlog
